<?xml version="1.0" encoding="UTF-8"?>
<testsuite xmlns:xsi="http://www.w3.org/2001/XMLSchema-instance" xsi:noNamespaceSchemaLocation="https://maven.apache.org/surefire/maven-surefire-plugin/xsd/surefire-test-report-3.0.xsd" version="3.0" name="cs350.poker.analysis.HandAnalyzerTest" time="0.072" tests="35" errors="0" skipped="0" failures="0">
  <properties>
[...]
</properties>
  <testcase name="testHandWithLessThanFiveCards" classname="cs350.poker.analysis.HandAnalyzerTest" time="0.008"/>
  <testcase name="testToStringContainsHandTypeName" classname="cs350.poker.analysis.HandAnalyzerTest" time="0.003"/>
  <testcase name="testStraightAceHigh" classname="cs350.poker.analysis.HandAnalyzerTest" time="0.0"/>
  <testcase name="testOnePair" classname="cs350.poker.analysis.HandAnalyzerTest" time="0.001"/>
  <testcase name="testFlushHearts" classname="cs350.poker.analysis.HandAnalyzerTest" time="0.0"/>
  <testcase name="testStraightNormal" classname="cs350.poker.analysis.HandAnalyzerTest" time="0.0"/>
  <testcase name="testFlushClubs" classname="cs350.poker.analysis.HandAnalyzerTest" time="0.001"/>
  <testcase name="testRoyalFlushClubs" classname="cs350.poker.analysis.HandAnalyzerTest" time="0.0"/>
  <testcase name="testFourOfAKindDeuces" classname="cs350.poker.analysis.HandAnalyzerTest" time="0.0"/>
  <testcase name="testTwoPair" classname="cs350.poker.analysis.HandAnalyzerTest" time="0.0"/>
  <testcase name="testNullHand" classname="cs350.poker.analysis.HandAnalyzerTest" time="0.001"/>
  <testcase name="testRoyalFlushHearts" classname="cs350.poker.analysis.HandAnalyzerTest" time="0.0"/>
  <testcase name="testHighCardLowCards" classname="cs350.poker.analysis.HandAnalyzerTest" time="0.0"/>
  <testcase name="testStraightFlushLow" classname="cs350.poker.analysis.HandAnalyzerTest" time="0.0"/>
  <testcase name="testStraightFlushMid" classname="cs350.poker.analysis.HandAnalyzerTest" time="0.0"/>
  <testcase name="testHighCard" classname="cs350.poker.analysis.HandAnalyzerTest" time="0.001"/>
  <testcase name="testRoyalFlushSpades" classname="cs350.poker.analysis.HandAnalyzerTest" time="0.0"/>
  <testcase name="testEmptyHand" classname="cs350.poker.analysis.HandAnalyzerTest" time="0.0"/>
  <testcase name="testTwoPairAcesAndKings" classname="cs350.poker.analysis.HandAnalyzerTest" time="0.0"/>
  <testcase name="testGetHandReturnsOriginal" classname="cs350.poker.analysis.HandAnalyzerTest" time="0.002"/>
  <testcase name="testNearFlushMixedSuits" classname="cs350.poker.analysis.HandAnalyzerTest" time="0.0"/>
  <testcase name="testStraightAceLowWheel" classname="cs350.poker.analysis.HandAnalyzerTest" time="0.001"/>
  <testcase name="testHandWithMoreThanFiveCards" classname="cs350.poker.analysis.HandAnalyzerTest" time="0.0"/>
  <testcase name="testFourOfAKindAces" classname="cs350.poker.analysis.HandAnalyzerTest" time="0.0"/>
  <testcase name="testThreeOfAKindAces" classname="cs350.poker.analysis.HandAnalyzerTest" time="0.001"/>
  <testcase name="testFullHouseKingsOverThrees" classname="cs350.poker.analysis.HandAnalyzerTest" time="0.0"/>
  <testcase name="testOnePairAces" classname="cs350.poker.analysis.HandAnalyzerTest" time="0.0"/>
  <testcase name="testFullHouseTwosOverAces" classname="cs350.poker.analysis.HandAnalyzerTest" time="0.0"/>
  <testcase name="testRoyalFlushExcludesOtherTypes" classname="cs350.poker.analysis.HandAnalyzerTest" time="0.0"/>
  <testcase name="testHandTypeConstants" classname="cs350.poker.analysis.HandAnalyzerTest" time="0.0"/>
  <testcase name="testOnlyOneHandTypeIsTrue" classname="cs350.poker.analysis.HandAnalyzerTest" time="0.0"/>
  <testcase name="testNotStraightGap" classname="cs350.poker.analysis.HandAnalyzerTest" time="0.0"/>
  <testcase name="testStraightFlushWheel" classname="cs350.poker.analysis.HandAnalyzerTest" time="0.0"/>
  <testcase name="testNotStraightAceWrapAround" classname="cs350.poker.analysis.HandAnalyzerTest" time="0.0"/>
  <testcase name="testThreeOfAKind" classname="cs350.poker.analysis.HandAnalyzerTest" time="0.0"/>
</testsuite>