<?xml version="1.0" encoding="UTF-8"?>
<testsuite xmlns:xsi="http://www.w3.org/2001/XMLSchema-instance" xsi:noNamespaceSchemaLocation="https://maven.apache.org/surefire/maven-surefire-plugin/xsd/surefire-test-report-3.0.xsd" version="3.0" name="cs350.poker.model.CardTest" time="0.002" tests="12" errors="0" skipped="0" failures="0">
  <properties>
[...]
</properties>
  <testcase name="testNotEqualsDifferentFace" classname="cs350.poker.model.CardTest" time="0.0"/>
  <testcase name="test_constructor" classname="cs350.poker.model.CardTest" time="0.0"/>
  <testcase name="testToString" classname="cs350.poker.model.CardTest" time="0.0"/>
  <testcase name="testCompareLessThan" classname="cs350.poker.model.CardTest" time="0.0"/>
  <testcase name="testAceHighRank" classname="cs350.poker.model.CardTest" time="0.0"/>
  <testcase name="testCompareGreater" classname="cs350.poker.model.CardTest" time="0.0"/>
  <testcase name="testHashCodeConsistency" classname="cs350.poker.model.CardTest" time="0.0"/>
  <testcase name="testFaceString" classname="cs350.poker.model.CardTest" time="0.0"/>
  <testcase name="testRankOrderingNumbers" classname="cs350.poker.model.CardTest" time="0.0"/>
  <testcase name="testEqualsSameFace" classname="cs350.poker.model.CardTest" time="0.0"/>
  <testcase name="testCompareEqual" classname="cs350.poker.model.CardTest" time="0.0"/>
  <testcase name="testSuitString" classname="cs350.poker.model.CardTest" time="0.0"/>
</testsuite>